# JRE version: Java(TM) SE Runtime Environment (8.0_101-b13) (build 1.8.0_101-b13)
# Java VM: Java HotSpot(TM) Client VM (25.101-b13 mixed mode windows-x86 )
Heap:
 def new generation   total 4928K, used 668K [0x04c00000, 0x05150000, 0x0a150000)
  eden space 4416K,  13% used [0x04c00000, 0x04c9a760, 0x05050000)
  from space 512K,   9% used [0x05050000, 0x0505cb90, 0x050d0000)
  to   space 512K,   0% used [0x050d0000, 0x050d0000, 0x05150000)
 tenured generation   total 10944K, used 584K [0x0a150000, 0x0ac00000, 0x14c00000)
   the space 10944K,   5% used [0x0a150000, 0x0a1e21b8, 0x0a1e2200, 0x0ac00000)
 Metaspace       used 2553K, capacity 2664K, committed 2752K, reserved 4480K
GC Heap History (10 events):
Event: 37.417 GC heap before
{Heap before GC invocations=3 (full 0):
 def new generation   total 4928K, used 4462K [0x04c00000, 0x05150000, 0x0a150000)
  eden space 4416K, 100% used [0x04c00000, 0x05050000, 0x05050000)
  from space 512K,   9% used [0x050d0000, 0x050dbbc0, 0x05150000)
  to   space 512K,   0% used [0x05050000, 0x05050000, 0x050d0000)
 tenured generation   total 10944K, used 584K [0x0a150000, 0x0ac00000, 0x14c00000)
   the space 10944K,   5% used [0x0a150000, 0x0a1e21b8, 0x0a1e2200, 0x0ac00000)
 Metaspace       used 2551K, capacity 2664K, committed 2752K, reserved 4480K
Event: 37.418 GC heap after
Heap after GC invocations=4 (full 0):
 def new generation   total 4928K, used 47K [0x04c00000, 0x05150000, 0x0a150000)
  eden space 4416K,   0% used [0x04c00000, 0x04c00000, 0x05050000)
  from space 512K,   9% used [0x05050000, 0x0505be40, 0x050d0000)
  to   space 512K,   0% used [0x050d0000, 0x050d0000, 0x05150000)
 tenured generation   total 10944K, used 584K [0x0a150000, 0x0ac00000, 0x14c00000)
   the space 10944K,   5% used [0x0a150000, 0x0a1e21b8, 0x0a1e2200, 0x0ac00000)
 Metaspace       used 2551K, capacity 2664K, committed 2752K, reserved 4480K
}
Event: 88.521 GC heap before
{Heap before GC invocations=4 (full 0):
 def new generation   total 4928K, used 4463K [0x04c00000, 0x05150000, 0x0a150000)
  eden space 4416K, 100% used [0x04c00000, 0x05050000, 0x05050000)
  from space 512K,   9% used [0x05050000, 0x0505be40, 0x050d0000)
  to   space 512K,   0% used [0x050d0000, 0x050d0000, 0x05150000)
 tenured generation   total 10944K, used 584K [0x0a150000, 0x0ac00000, 0x14c00000)
   the space 10944K,   5% used [0x0a150000, 0x0a1e21b8, 0x0a1e2200, 0x0ac00000)
 Metaspace       used 2553K, capacity 2664K, committed 2752K, reserved 4480K
Event: 88.522 GC heap after
Heap after GC invocations=5 (full 0):
 def new generation   total 4928K, used 49K [0x04c00000, 0x05150000, 0x0a150000)
  eden space 4416K,   0% used [0x04c00000, 0x04c00000, 0x05050000)
  from space 512K,   9% used [0x050d0000, 0x050dc408, 0x05150000)
  to   space 512K,   0% used [0x05050000, 0x05050000, 0x050d0000)
 tenured generation   total 10944K, used 584K [0x0a150000, 0x0ac00000, 0x14c00000)
   the space 10944K,   5% used [0x0a150000, 0x0a1e21b8, 0x0a1e2200, 0x0ac00000)
 Metaspace       used 2553K, capacity 2664K, committed 2752K, reserved 4480K
}
Event: 102.754 GC heap before
{Heap before GC invocations=5 (full 0):
 def new generation   total 4928K, used 4465K [0x04c00000, 0x05150000, 0x0a150000)
  eden space 4416K, 100% used [0x04c00000, 0x05050000, 0x05050000)
  from space 512K,   9% used [0x050d0000, 0x050dc408, 0x05150000)
  to   space 512K,   0% used [0x05050000, 0x05050000, 0x050d0000)
 tenured generation   total 10944K, used 584K [0x0a150000, 0x0ac00000, 0x14c00000)
   the space 10944K,   5% used [0x0a150000, 0x0a1e21b8, 0x0a1e2200, 0x0ac00000)
 Metaspace       used 2553K, capacity 2664K, committed 2752K, reserved 4480K
Event: 102.756 GC heap after
Heap after GC invocations=6 (full 0):
 def new generation   total 4928K, used 49K [0x04c00000, 0x05150000, 0x0a150000)
  eden space 4416K,   0% used [0x04c00000, 0x04c00000, 0x05050000)
  from space 512K,   9% used [0x05050000, 0x0505c680, 0x050d0000)
  to   space 512K,   0% used [0x050d0000, 0x050d0000, 0x05150000)
 tenured generation   total 10944K, used 584K [0x0a150000, 0x0ac00000, 0x14c00000)
   the space 10944K,   5% used [0x0a150000, 0x0a1e21b8, 0x0a1e2200, 0x0ac00000)
 Metaspace       used 2553K, capacity 2664K, committed 2752K, reserved 4480K
}
Event: 153.006 GC heap before
{Heap before GC invocations=6 (full 0):
 def new generation   total 4928K, used 4465K [0x04c00000, 0x05150000, 0x0a150000)
  eden space 4416K, 100% used [0x04c00000, 0x05050000, 0x05050000)
  from space 512K,   9% used [0x05050000, 0x0505c680, 0x050d0000)
  to   space 512K,   0% used [0x050d0000, 0x050d0000, 0x05150000)
 tenured generation   total 10944K, used 584K [0x0a150000, 0x0ac00000, 0x14c00000)
   the space 10944K,   5% used [0x0a150000, 0x0a1e21b8, 0x0a1e2200, 0x0ac00000)
 Metaspace       used 2553K, capacity 2664K, committed 2752K, reserved 4480K
Event: 153.007 GC heap after
Heap after GC invocations=7 (full 0):
 def new generation   total 4928K, used 50K [0x04c00000, 0x05150000, 0x0a150000)
  eden space 4416K,   0% used [0x04c00000, 0x04c00000, 0x05050000)
  from space 512K,   9% used [0x050d0000, 0x050dc8d8, 0x05150000)
  to   space 512K,   0% used [0x05050000, 0x05050000, 0x050d0000)
 tenured generation   total 10944K, used 584K [0x0a150000, 0x0ac00000, 0x14c00000)
   the space 10944K,   5% used [0x0a150000, 0x0a1e21b8, 0x0a1e2200, 0x0ac00000)
 Metaspace       used 2553K, capacity 2664K, committed 2752K, reserved 4480K
}
Event: 176.866 GC heap before
{Heap before GC invocations=7 (full 0):
 def new generation   total 4928K, used 4466K [0x04c00000, 0x05150000, 0x0a150000)
  eden space 4416K, 100% used [0x04c00000, 0x05050000, 0x05050000)
  from space 512K,   9% used [0x050d0000, 0x050dc8d8, 0x05150000)
  to   space 512K,   0% used [0x05050000, 0x05050000, 0x050d0000)
 tenured generation   total 10944K, used 584K [0x0a150000, 0x0ac00000, 0x14c00000)
   the space 10944K,   5% used [0x0a150000, 0x0a1e21b8, 0x0a1e2200, 0x0ac00000)
 Metaspace       used 2553K, capacity 2664K, committed 2752K, reserved 4480K
Event: 176.867 GC heap after
Heap after GC invocations=8 (full 0):
 def new generation   total 4928K, used 50K [0x04c00000, 0x05150000, 0x0a150000)
  eden space 4416K,   0% used [0x04c00000, 0x04c00000, 0x05050000)
  from space 512K,   9% used [0x05050000, 0x0505cb90, 0x050d0000)
  to   space 512K,   0% used [0x050d0000, 0x050d0000, 0x05150000)
 tenured generation   total 10944K, used 584K [0x0a150000, 0x0ac00000, 0x14c00000)
   the space 10944K,   5% used [0x0a150000, 0x0a1e21b8, 0x0a1e2200, 0x0ac00000)
 Metaspace       used 2553K, capacity 2664K, committed 2752K, reserved 4480K
}

