# JRE version: Java(TM) SE Runtime Environment (8.0_101-b13) (build 1.8.0_101-b13)
# Java VM: Java HotSpot(TM) Client VM (25.101-b13 mixed mode windows-x86 )
Heap:
 def new generation   total 4928K, used 3097K [0x04e00000, 0x05350000, 0x0a350000)
  eden space 4416K,  69% used [0x04e00000, 0x05103e78, 0x05250000)
  from space 512K,   2% used [0x05250000, 0x05252908, 0x052d0000)
  to   space 512K,   0% used [0x052d0000, 0x052d0000, 0x05350000)
 tenured generation   total 10944K, used 663K [0x0a350000, 0x0ae00000, 0x14e00000)
   the space 10944K,   6% used [0x0a350000, 0x0a3f5d30, 0x0a3f5e00, 0x0ae00000)
 Metaspace       used 2552K, capacity 2664K, committed 2752K, reserved 4480K
GC Heap History (10 events):
Event: 28.227 GC heap before
{Heap before GC invocations=1 (full 0):
 def new generation   total 4928K, used 4928K [0x04e00000, 0x05350000, 0x0a350000)
  eden space 4416K, 100% used [0x04e00000, 0x05250000, 0x05250000)
  from space 512K, 100% used [0x052d0000, 0x05350000, 0x05350000)
  to   space 512K,   0% used [0x05250000, 0x05250000, 0x052d0000)
 tenured generation   total 10944K, used 176K [0x0a350000, 0x0ae00000, 0x14e00000)
   the space 10944K,   1% used [0x0a350000, 0x0a37c3f0, 0x0a37c400, 0x0ae00000)
 Metaspace       used 2530K, capacity 2664K, committed 2752K, reserved 4480K
Event: 28.230 GC heap after
Heap after GC invocations=2 (full 0):
 def new generation   total 4928K, used 0K [0x04e00000, 0x05350000, 0x0a350000)
  eden space 4416K,   0% used [0x04e00000, 0x04e00000, 0x05250000)
  from space 512K,   0% used [0x05250000, 0x052503d8, 0x052d0000)
  to   space 512K,   0% used [0x052d0000, 0x052d0000, 0x05350000)
 tenured generation   total 10944K, used 663K [0x0a350000, 0x0ae00000, 0x14e00000)
   the space 10944K,   6% used [0x0a350000, 0x0a3f5d30, 0x0a3f5e00, 0x0ae00000)
 Metaspace       used 2530K, capacity 2664K, committed 2752K, reserved 4480K
}
Event: 33.991 GC heap before
{Heap before GC invocations=2 (full 0):
 def new generation   total 4928K, used 4416K [0x04e00000, 0x05350000, 0x0a350000)
  eden space 4416K, 100% used [0x04e00000, 0x05250000, 0x05250000)
  from space 512K,   0% used [0x05250000, 0x052503d8, 0x052d0000)
  to   space 512K,   0% used [0x052d0000, 0x052d0000, 0x05350000)
 tenured generation   total 10944K, used 663K [0x0a350000, 0x0ae00000, 0x14e00000)
   the space 10944K,   6% used [0x0a350000, 0x0a3f5d30, 0x0a3f5e00, 0x0ae00000)
 Metaspace       used 2550K, capacity 2664K, committed 2752K, reserved 4480K
Event: 33.992 GC heap after
Heap after GC invocations=3 (full 0):
 def new generation   total 4928K, used 7K [0x04e00000, 0x05350000, 0x0a350000)
  eden space 4416K,   0% used [0x04e00000, 0x04e00000, 0x05250000)
  from space 512K,   1% used [0x052d0000, 0x052d1fc0, 0x05350000)
  to   space 512K,   0% used [0x05250000, 0x05250000, 0x052d0000)
 tenured generation   total 10944K, used 663K [0x0a350000, 0x0ae00000, 0x14e00000)
   the space 10944K,   6% used [0x0a350000, 0x0a3f5d30, 0x0a3f5e00, 0x0ae00000)
 Metaspace       used 2550K, capacity 2664K, committed 2752K, reserved 4480K
}
Event: 41.115 GC heap before
{Heap before GC invocations=3 (full 0):
 def new generation   total 4928K, used 4423K [0x04e00000, 0x05350000, 0x0a350000)
  eden space 4416K, 100% used [0x04e00000, 0x05250000, 0x05250000)
  from space 512K,   1% used [0x052d0000, 0x052d1fc0, 0x05350000)
  to   space 512K,   0% used [0x05250000, 0x05250000, 0x052d0000)
 tenured generation   total 10944K, used 663K [0x0a350000, 0x0ae00000, 0x14e00000)
   the space 10944K,   6% used [0x0a350000, 0x0a3f5d30, 0x0a3f5e00, 0x0ae00000)
 Metaspace       used 2550K, capacity 2664K, committed 2752K, reserved 4480K
Event: 41.116 GC heap after
Heap after GC invocations=4 (full 0):
 def new generation   total 4928K, used 8K [0x04e00000, 0x05350000, 0x0a350000)
  eden space 4416K,   0% used [0x04e00000, 0x04e00000, 0x05250000)
  from space 512K,   1% used [0x05250000, 0x05252000, 0x052d0000)
  to   space 512K,   0% used [0x052d0000, 0x052d0000, 0x05350000)
 tenured generation   total 10944K, used 663K [0x0a350000, 0x0ae00000, 0x14e00000)
   the space 10944K,   6% used [0x0a350000, 0x0a3f5d30, 0x0a3f5e00, 0x0ae00000)
 Metaspace       used 2550K, capacity 2664K, committed 2752K, reserved 4480K
}
Event: 47.725 GC heap before
{Heap before GC invocations=4 (full 0):
 def new generation   total 4928K, used 4424K [0x04e00000, 0x05350000, 0x0a350000)
  eden space 4416K, 100% used [0x04e00000, 0x05250000, 0x05250000)
  from space 512K,   1% used [0x05250000, 0x05252000, 0x052d0000)
  to   space 512K,   0% used [0x052d0000, 0x052d0000, 0x05350000)
 tenured generation   total 10944K, used 663K [0x0a350000, 0x0ae00000, 0x14e00000)
   the space 10944K,   6% used [0x0a350000, 0x0a3f5d30, 0x0a3f5e00, 0x0ae00000)
 Metaspace       used 2550K, capacity 2664K, committed 2752K, reserved 4480K
Event: 47.726 GC heap after
Heap after GC invocations=5 (full 0):
 def new generation   total 4928K, used 8K [0x04e00000, 0x05350000, 0x0a350000)
  eden space 4416K,   0% used [0x04e00000, 0x04e00000, 0x05250000)
  from space 512K,   1% used [0x052d0000, 0x052d23c0, 0x05350000)
  to   space 512K,   0% used [0x05250000, 0x05250000, 0x052d0000)
 tenured generation   total 10944K, used 663K [0x0a350000, 0x0ae00000, 0x14e00000)
   the space 10944K,   6% used [0x0a350000, 0x0a3f5d30, 0x0a3f5e00, 0x0ae00000)
 Metaspace       used 2550K, capacity 2664K, committed 2752K, reserved 4480K
}
Event: 54.121 GC heap before
{Heap before GC invocations=5 (full 0):
 def new generation   total 4928K, used 4424K [0x04e00000, 0x05350000, 0x0a350000)
  eden space 4416K, 100% used [0x04e00000, 0x05250000, 0x05250000)
  from space 512K,   1% used [0x052d0000, 0x052d23c0, 0x05350000)
  to   space 512K,   0% used [0x05250000, 0x05250000, 0x052d0000)
 tenured generation   total 10944K, used 663K [0x0a350000, 0x0ae00000, 0x14e00000)
   the space 10944K,   6% used [0x0a350000, 0x0a3f5d30, 0x0a3f5e00, 0x0ae00000)
 Metaspace       used 2552K, capacity 2664K, committed 2752K, reserved 4480K
Event: 54.122 GC heap after
Heap after GC invocations=6 (full 0):
 def new generation   total 4928K, used 10K [0x04e00000, 0x05350000, 0x0a350000)
  eden space 4416K,   0% used [0x04e00000, 0x04e00000, 0x05250000)
  from space 512K,   2% used [0x05250000, 0x05252908, 0x052d0000)
  to   space 512K,   0% used [0x052d0000, 0x052d0000, 0x05350000)
 tenured generation   total 10944K, used 663K [0x0a350000, 0x0ae00000, 0x14e00000)
   the space 10944K,   6% used [0x0a350000, 0x0a3f5d30, 0x0a3f5e00, 0x0ae00000)
 Metaspace       used 2552K, capacity 2664K, committed 2752K, reserved 4480K
}

